*********************************************************************
* LD Score Regression (LDSC)
* Version 2.0.0
* (C) 2014-2019 Brendan Bulik-Sullivan and Hilary Finucane
* Broad Institute of MIT and Harvard / MIT Department of Mathematics
* GNU General Public License v3
*********************************************************************
Call: 
./ldsc.py \
--out /Users/caoshu/WISC/620/final_project/res_for_genecorr/genetic_correlation_Chronotype_Baldness \
--rg /Users/caoshu/WISC/620/final_project/munged_data/munged_Chronotype.sumstats.gz,/Users/caoshu/WISC/620/final_project/munged_data/munged_Baldness.sumstats.gz \
--ref-ld-chr /Users/caoshu/WISC/620/ldsc_inputs/for_h2/eur_w_ld_chr/ \
--w-ld-chr /Users/caoshu/WISC/620/ldsc_inputs/for_enrichment/weights/weights.hm3_noMHC. 

Beginning analysis at Sun Apr 20 00:21:31 2025
Reading summary statistics from /Users/caoshu/WISC/620/final_project/munged_data/munged_Chronotype.sumstats.gz ...
Read summary statistics for 1192114 SNPs.
Reading reference panel LD Score from /Users/caoshu/WISC/620/ldsc_inputs/for_h2/eur_w_ld_chr/[1-22] ... (ldscore_fromlist)
Read reference panel LD Scores for 1293150 SNPs.
Removing partitioned LD Scores with zero variance.
Reading regression weight LD Score from /Users/caoshu/WISC/620/ldsc_inputs/for_enrichment/weights/weights.hm3_noMHC.[1-22] ... (ldscore_fromlist)
Read regression weight LD Scores for 1187349 SNPs.
After merging with reference panel LD, 1174348 SNPs remain.
After merging with regression SNP LD, 1159562 SNPs remain.
Computing rg for phenotype 2/2
Reading summary statistics from /Users/caoshu/WISC/620/final_project/munged_data/munged_Baldness.sumstats.gz ...
Read summary statistics for 1217311 SNPs.
After merging with summary statistics, 1159562 SNPs remain.
1125952 SNPs with valid alleles.

Heritability of phenotype 1
---------------------------
Total Observed scale h2: 0.1253 (0.004)
Lambda GC: 1.7648
Mean Chi^2: 2.034
Intercept: 1.0365 (0.0132)
Ratio: 0.0353 (0.0128)

Heritability of phenotype 2/2
-----------------------------
Total Observed scale h2: 0.3284 (0.032)
Lambda GC: 1.4926
Mean Chi^2: 2.5903
Intercept: 1.1974 (0.0463)
Ratio: 0.1241 (0.0291)

Genetic Covariance
------------------
Total Observed scale gencov: 0.0012 (0.0033)
Mean z1*z2: 0.0081
Intercept: 0.0007 (0.0077)

Genetic Correlation
-------------------
Genetic Correlation: 0.0057 (0.0166)
Z-score: 0.3464
P: 0.729


Summary of Genetic Correlation Results
                                                                            p1                                                                           p2     rg     se      z     p  h2_obs  h2_obs_se  h2_int  h2_int_se  gcov_int  gcov_int_se
/Users/caoshu/WISC/620/final_project/munged_data/munged_Chronotype.sumstats.gz /Users/caoshu/WISC/620/final_project/munged_data/munged_Baldness.sumstats.gz 0.0057 0.0166 0.3464 0.729  0.3284      0.032  1.1974     0.0463    0.0007       0.0077

Analysis finished at Sun Apr 20 00:21:41 2025
Total time elapsed: 9.18s
