*********************************************************************
* LD Score Regression (LDSC)
* Version 2.0.0
* (C) 2014-2019 Brendan Bulik-Sullivan and Hilary Finucane
* Broad Institute of MIT and Harvard / MIT Department of Mathematics
* GNU General Public License v3
*********************************************************************
Call: 
./ldsc.py \
--out /Users/caoshu/WISC/620/final_project/res_for_genecorr/genetic_correlation_Chronotype_EA \
--rg /Users/caoshu/WISC/620/final_project/munged_data/munged_Chronotype.sumstats.gz,/Users/caoshu/WISC/620/final_project/munged_data/munged_EA.sumstats.gz \
--ref-ld-chr /Users/caoshu/WISC/620/ldsc_inputs/for_h2/eur_w_ld_chr/ \
--w-ld-chr /Users/caoshu/WISC/620/ldsc_inputs/for_enrichment/weights/weights.hm3_noMHC. 

Beginning analysis at Sun Apr 20 00:21:21 2025
Reading summary statistics from /Users/caoshu/WISC/620/final_project/munged_data/munged_Chronotype.sumstats.gz ...
Read summary statistics for 1192114 SNPs.
Reading reference panel LD Score from /Users/caoshu/WISC/620/ldsc_inputs/for_h2/eur_w_ld_chr/[1-22] ... (ldscore_fromlist)
Read reference panel LD Scores for 1293150 SNPs.
Removing partitioned LD Scores with zero variance.
Reading regression weight LD Score from /Users/caoshu/WISC/620/ldsc_inputs/for_enrichment/weights/weights.hm3_noMHC.[1-22] ... (ldscore_fromlist)
Read regression weight LD Scores for 1187349 SNPs.
After merging with reference panel LD, 1174348 SNPs remain.
After merging with regression SNP LD, 1159562 SNPs remain.
Computing rg for phenotype 2/2
Reading summary statistics from /Users/caoshu/WISC/620/final_project/munged_data/munged_EA.sumstats.gz ...
Read summary statistics for 1217311 SNPs.
After merging with summary statistics, 1159562 SNPs remain.
1153796 SNPs with valid alleles.

Heritability of phenotype 1
---------------------------
Total Observed scale h2: 0.1248 (0.0042)
Lambda GC: 1.7648
Mean Chi^2: 2.027
Intercept: 1.0415 (0.0138)
Ratio: 0.0404 (0.0135)

Heritability of phenotype 2/2
-----------------------------
Total Observed scale h2: 0.112 (0.0033)
Lambda GC: 2.1112
Mean Chi^2: 2.6638
Intercept: 0.9791 (0.0168)
Ratio < 0 (usually indicates GC correction).

Genetic Covariance
------------------
Total Observed scale gencov: -0.0161 (0.002)
Mean z1*z2: -0.1779
Intercept: -0.0096 (0.0082)

Genetic Correlation
-------------------
Genetic Correlation: -0.1359 (0.0164)
Z-score: -8.278
P: 1.2522e-16


Summary of Genetic Correlation Results
                                                                            p1                                                                     p2      rg     se      z          p  h2_obs  h2_obs_se  h2_int  h2_int_se  gcov_int  gcov_int_se
/Users/caoshu/WISC/620/final_project/munged_data/munged_Chronotype.sumstats.gz /Users/caoshu/WISC/620/final_project/munged_data/munged_EA.sumstats.gz -0.1359 0.0164 -8.278 1.2522e-16   0.112     0.0033  0.9791     0.0168   -0.0096       0.0082

Analysis finished at Sun Apr 20 00:21:30 2025
Total time elapsed: 9.5s
